
Showing logs for build [32mmeta-sdoxsee-myhipster-master-r-zjbwp-7[0m stage [32mmeta-pipeline[0m and container [32mstep-credential-initializer-4cq8k[0m
{"level":"warn","ts":1573587113.953944,"logger":"fallback-logger","caller":"logging/config.go:69","msg":"Fetch GitHub commit ID from kodata failed: \"ref: refs/heads/master\" is not a valid GitHub commit ID"}
{"level":"info","ts":1573587113.9560983,"logger":"fallback-logger","caller":"creds-init/main.go:40","msg":"Credentials initialized."}

Showing logs for build [32mmeta-sdoxsee-myhipster-master-r-zjbwp-7[0m stage [32mmeta-pipeline[0m and container [32mstep-working-dir-initializer-z4kv5[0m
{"level":"warn","ts":1573587115.068153,"logger":"fallback-logger","caller":"logging/config.go:69","msg":"Fetch GitHub commit ID from kodata failed: open /var/run/ko/HEAD: no such file or directory"}
{"level":"info","ts":1573587115.0723462,"logger":"fallback-logger","caller":"bash/main.go:65","msg":"Successfully executed command \"mkdir -p /workspace/source\""}

Showing logs for build [32mmeta-sdoxsee-myhipster-master-r-zjbwp-7[0m stage [32mmeta-pipeline[0m and container [32mstep-place-tools[0m

Showing logs for build [32mmeta-sdoxsee-myhipster-master-r-zjbwp-7[0m stage [32mmeta-pipeline[0m and container [32mstep-git-source-meta-sdoxsee-myhipster-master-r-m2nnb[0m
{"level":"warn","ts":1573587120.1808288,"logger":"fallback-logger","caller":"logging/config.go:69","msg":"Fetch GitHub commit ID from kodata failed: \"ref: refs/heads/master\" is not a valid GitHub commit ID"}
{"level":"info","ts":1573587120.6668978,"logger":"fallback-logger","caller":"git/git.go:102","msg":"Successfully cloned https://github.com/*******/myhipster.git @ 951136ea42f8d5b88b4a7e58a2972823ea385d59 in path /workspace/source"}

Showing logs for build [32mmeta-sdoxsee-myhipster-master-r-zjbwp-7[0m stage [32mmeta-pipeline[0m and container [32mstep-git-merge[0m
Using SHAs from PULL_REFS=master:951136ea42f8d5b88b4a7e58a2972823ea385d59
WARNING: no SHAs to merge, falling back to initial cloned commit

Showing logs for build [32mmeta-sdoxsee-myhipster-master-r-zjbwp-7[0m stage [32mmeta-pipeline[0m and container [32mstep-merge-pull-refs[0m
SKIP merge-pull-refs: Nothing to merge

Showing logs for build [32mmeta-sdoxsee-myhipster-master-r-zjbwp-7[0m stage [32mmeta-pipeline[0m and container [32mstep-create-effective-pipeline[0m
error: failed to load project config in dir /workspace/source: Validation failures in YAML file /workspace/source/jenkins-x.yml:
(root): Additional property containerOptions is not allowed
[31m
Pipeline failed on stage 'meta-pipeline' : container 'step-create-effective-pipeline'. The execution of the pipeline has stopped.[0m
