
Showing logs for build [32msdoxsee-myhipster-master-releas-xwl7t-9[0m stage [32mfrom-build-pack[0m and container [32mstep-credential-initializer-wtdth[0m
{"level":"warn","ts":1573590310.5248532,"logger":"fallback-logger","caller":"logging/config.go:69","msg":"Fetch GitHub commit ID from kodata failed: \"ref: refs/heads/master\" is not a valid GitHub commit ID"}
{"level":"info","ts":1573590310.5260015,"logger":"fallback-logger","caller":"creds-init/main.go:40","msg":"Credentials initialized."}

Showing logs for build [32msdoxsee-myhipster-master-releas-xwl7t-9[0m stage [32mfrom-build-pack[0m and container [32mstep-working-dir-initializer-8xzrk[0m
{"level":"warn","ts":1573590311.483404,"logger":"fallback-logger","caller":"logging/config.go:69","msg":"Fetch GitHub commit ID from kodata failed: open /var/run/ko/HEAD: no such file or directory"}
{"level":"info","ts":1573590311.485252,"logger":"fallback-logger","caller":"bash/main.go:65","msg":"Successfully executed command \"mkdir -p /workspace/source\""}

Showing logs for build [32msdoxsee-myhipster-master-releas-xwl7t-9[0m stage [32mfrom-build-pack[0m and container [32mstep-place-tools[0m

Showing logs for build [32msdoxsee-myhipster-master-releas-xwl7t-9[0m stage [32mfrom-build-pack[0m and container [32mstep-git-source-sdoxsee-myhipster-master-releas-vzfl4[0m
{"level":"warn","ts":1573590317.5861344,"logger":"fallback-logger","caller":"logging/config.go:69","msg":"Fetch GitHub commit ID from kodata failed: \"ref: refs/heads/master\" is not a valid GitHub commit ID"}
{"level":"info","ts":1573590318.089833,"logger":"fallback-logger","caller":"git/git.go:102","msg":"Successfully cloned https://github.com/*******/myhipster.git @ v0.0.9 in path /workspace/source"}

Showing logs for build [32msdoxsee-myhipster-master-releas-xwl7t-9[0m stage [32mfrom-build-pack[0m and container [32mstep-git-merge[0m
Using SHAs from PULL_REFS=master:bf5352726ad26cfb459f7cba01903e350db8ace3
WARNING: no SHAs to merge, falling back to initial cloned commit

Showing logs for build [32msdoxsee-myhipster-master-releas-xwl7t-9[0m stage [32mfrom-build-pack[0m and container [32mstep-setup-jx-git-credentials[0m
Generated Git credentials file /workspace/xdg_config/git/credentials

Showing logs for build [32msdoxsee-myhipster-master-releas-xwl7t-9[0m stage [32mfrom-build-pack[0m and container [32mstep-promote-changelog[0m
Converted /workspace/source/charts/myhipster to an unshallow repository
Generating change log from git ref 5ae43d8ee013935f70b7604d76162d037750a844 => e4db5074d94b07b1fedae40a37533599b4131ab7
Associating user x-0 in users.jenkins.io with email *******@gmail.com to git GitProvider user with login -0 as emails match
Adding label jenkins.io/git-github-userid=-0 to user x-0 in users.jenkins.io
WARNING: Failed to enrich commit bf5352726ad26cfb459f7cba01903e350db8ace3 with issues: User.jenkins.io "x-0" is invalid: metadata.labels: Invalid value: "-0": a valid label must be an empty string or consist of alphanumeric characters, '-', '_' or '.', and must start and end with an alphanumeric character (e.g. 'MyValue',  or 'my_value',  or '12345', regex used for validation is '(([A-Za-z0-9][-A-Za-z0-9_.]*)?[A-Za-z0-9])?')
Finding issues in commit messages using git format
WARNING: No release found for *******/myhipster and tag v0.0.9 so creating a new release
Updated the release information at https://github.com/*******/myhipster/releases/tag/v0.0.9
generated: /workspace/source/charts/myhipster/templates/release.yaml
Created Release myhipster-0-0-9 resource in namespace **
Updating PipelineActivity *******-myhipster-master-9 with version 0.0.9
Updated PipelineActivities *******-myhipster-master-9 with release notes URL: https://github.com/*******/myhipster/releases/tag/v0.0.9

Showing logs for build [32msdoxsee-myhipster-master-releas-xwl7t-9[0m stage [32mfrom-build-pack[0m and container [32mstep-promote-helm-release[0m
Adding missing Helm repo: storage.googleapis.com https://storage.googleapis.com/chartmuseum.jenkins-x.io
Read credentials for https://storage.googleapis.com/chartmuseum.jenkins-x.io from vault helm/repos
Successfully added Helm repository storage.googleapis.com.
Adding missing Helm repo: bucketrepo http://bucketrepo/bucketrepo/charts/
Read credentials for http://bucketrepo/bucketrepo/charts/ from vault helm/repos
Successfully added Helm repository bucketrepo.
Uploading chart file myhipster-0.0.9.tgz to http://bucketrepo/bucketrepo/charts/api/charts
Received 200 response: 

Showing logs for build [32msdoxsee-myhipster-master-releas-xwl7t-9[0m stage [32mfrom-build-pack[0m and container [32mstep-promote-jx-promote[0m
WARNING: prow based install so skip waiting for the merge of Pull Requests to go green as currently there is an issue with gettingstatuses from the PR, see https://github.com/jenkins-x/**/issues/2410
Promoting app myhipster version 0.0.9 to namespace **-staging
Created Pull Request: https://github.com/*******/environment-legproud-staging/pull/1
Added label updatebot to Pull Request https://github.com/*******/environment-legproud-staging/pull/1
got git provider status pending from PR https://github.com/*******/environment-legproud-staging/pull/1
got git provider status pending from PR https://github.com/*******/environment-legproud-staging/pull/1
got git provider status pending from PR https://github.com/*******/environment-legproud-staging/pull/1
Pull Request https://github.com/*******/environment-legproud-staging/pull/1 is merged at sha fff820770556dc5d36348a3ae40eaf7d6282b76e
Pull Request merged but we are not waiting for the update pipeline to complete!
WARNING: Could not find the service URL in namespace **-staging for names myhipster, **-myhipster, **-staging-myhipster
